\BOOKMARK [0][-]{chapter.1}{\376\377\000H\000i\000e\000r\000a\000r\000c\000h\000i\000c\000a\000l\000\040\000I\000n\000d\000e\000x}{}% 1
\BOOKMARK [1][-]{section.1.1}{\376\377\000C\000l\000a\000s\000s\000\040\000H\000i\000e\000r\000a\000r\000c\000h\000y}{chapter.1}% 2
\BOOKMARK [0][-]{chapter.2}{\376\377\000C\000l\000a\000s\000s\000\040\000I\000n\000d\000e\000x}{}% 3
\BOOKMARK [1][-]{section.2.1}{\376\377\000C\000l\000a\000s\000s\000\040\000L\000i\000s\000t}{chapter.2}% 4
\BOOKMARK [0][-]{chapter.3}{\376\377\000C\000l\000a\000s\000s\000\040\000D\000o\000c\000u\000m\000e\000n\000t\000a\000t\000i\000o\000n}{}% 5
\BOOKMARK [1][-]{section.3.1}{\376\377\000B\000a\000c\000k\000p\000r\000o\000p\000a\000g\000a\000t\000i\000o\000n\000\137\000t\000r\000a\000i\000n\000e\000r\000\040\000C\000l\000a\000s\000s\000\040\000R\000e\000f\000e\000r\000e\000n\000c\000e}{chapter.3}% 6
\BOOKMARK [1][-]{section.3.2}{\376\377\000D\000a\000t\000a\000\137\000s\000e\000t\000\040\000C\000l\000a\000s\000s\000\040\000R\000e\000f\000e\000r\000e\000n\000c\000e}{chapter.3}% 7
\BOOKMARK [1][-]{section.3.3}{\376\377\000d\000a\000t\000a\000\137\000s\000u\000b\000s\000e\000t\000\040\000S\000t\000r\000u\000c\000t\000\040\000R\000e\000f\000e\000r\000e\000n\000c\000e}{chapter.3}% 8
\BOOKMARK [1][-]{section.3.4}{\376\377\000E\000v\000o\000l\000u\000t\000i\000o\000n\000a\000r\000y\000\137\000t\000r\000a\000i\000n\000e\000r\000\040\000C\000l\000a\000s\000s\000\040\000R\000e\000f\000e\000r\000e\000n\000c\000e}{chapter.3}% 9
\BOOKMARK [2][-]{subsection.3.4.1}{\376\377\000M\000e\000m\000b\000e\000r\000\040\000F\000u\000n\000c\000t\000i\000o\000n\000\040\000D\000o\000c\000u\000m\000e\000n\000t\000a\000t\000i\000o\000n}{section.3.4}% 10
\BOOKMARK [3][-]{subsubsection.3.4.1.1}{\376\377\000e\000v\000o\000l\000v\000e\000\137\000t\000h\000r\000o\000u\000g\000h\000\137\000g\000e\000n\000e\000r\000a\000t\000i\000o\000n\000s}{subsection.3.4.1}% 11
\BOOKMARK [1][-]{section.3.5}{\376\377\000i\000n\000v\000a\000l\000i\000d\000\137\000d\000a\000t\000a\000s\000e\000t\000\137\000e\000x\000c\000e\000p\000t\000i\000o\000n\000\040\000C\000l\000a\000s\000s\000\040\000R\000e\000f\000e\000r\000e\000n\000c\000e}{chapter.3}% 12
\BOOKMARK [1][-]{section.3.6}{\376\377\000N\000e\000t\000\137\000b\000e\000n\000c\000h\000m\000a\000r\000k\000\040\000C\000l\000a\000s\000s\000\040\000R\000e\000f\000e\000r\000e\000n\000c\000e}{chapter.3}% 13
\BOOKMARK [1][-]{section.3.7}{\376\377\000n\000e\000t\000\137\000t\000o\000p\000o\000l\000o\000g\000y\000\040\000S\000t\000r\000u\000c\000t\000\040\000R\000e\000f\000e\000r\000e\000n\000c\000e}{chapter.3}% 14
\BOOKMARK [1][-]{section.3.8}{\376\377\000N\000e\000u\000r\000a\000l\000N\000e\000t\000\040\000C\000l\000a\000s\000s\000\040\000R\000e\000f\000e\000r\000e\000n\000c\000e}{chapter.3}% 15
\BOOKMARK [2][-]{subsection.3.8.1}{\376\377\000D\000e\000t\000a\000i\000l\000e\000d\000\040\000D\000e\000s\000c\000r\000i\000p\000t\000i\000o\000n}{section.3.8}% 16
\BOOKMARK [2][-]{subsection.3.8.2}{\376\377\000M\000e\000m\000b\000e\000r\000\040\000F\000u\000n\000c\000t\000i\000o\000n\000\040\000D\000o\000c\000u\000m\000e\000n\000t\000a\000t\000i\000o\000n}{section.3.8}% 17
\BOOKMARK [3][-]{subsubsection.3.8.2.1}{\376\377\000f\000o\000r\000w\000a\000r\000d\000\137\000p\000r\000o\000p\000a\000g\000a\000t\000e}{subsection.3.8.2}% 18
\BOOKMARK [3][-]{subsubsection.3.8.2.2}{\376\377\000f\000o\000r\000w\000a\000r\000d\000\137\000p\000r\000o\000p\000a\000g\000a\000t\000e}{subsection.3.8.2}% 19
\BOOKMARK [3][-]{subsubsection.3.8.2.3}{\376\377\000g\000e\000t\000\137\000a\000c\000c\000u\000r\000a\000c\000y}{subsection.3.8.2}% 20
\BOOKMARK [3][-]{subsubsection.3.8.2.4}{\376\377\000g\000e\000t\000\137\000f\0001\000\137\000s\000c\000o\000r\000e}{subsection.3.8.2}% 21
\BOOKMARK [3][-]{subsubsection.3.8.2.5}{\376\377\000g\000e\000t\000\137\000m\000a\000t\000t\000h\000e\000w\000s\000\137\000c\000o\000r\000r\000e\000l\000a\000t\000i\000o\000n\000\137\000c\000o\000e\000f\000f\000i\000c\000i\000e\000n\000t}{subsection.3.8.2}% 22
\BOOKMARK [3][-]{subsubsection.3.8.2.6}{\376\377\000o\000p\000e\000r\000a\000t\000o\000r\000<}{subsection.3.8.2}% 23
\BOOKMARK [3][-]{subsubsection.3.8.2.7}{\376\377\000r\000e\000s\000h\000a\000p\000e\000\137\000w\000e\000i\000g\000h\000t\000s}{subsection.3.8.2}% 24
\BOOKMARK [1][-]{section.3.9}{\376\377\000T\000r\000a\000i\000n\000e\000r\000\040\000C\000l\000a\000s\000s\000\040\000R\000e\000f\000e\000r\000e\000n\000c\000e}{chapter.3}% 25
