This is pdfTeX, Version 3.1415926-2.5-1.40.14 (TeX Live 2013/Debian) (format=pdflatex 2016.5.9)  10 MAY 2016 07:54
entering extended mode
 restricted \write18 enabled.
 %&-line parsing enabled.
**memoir.tex
(./memoir.tex
LaTeX2e <2011/06/27>
Babel <3.9h> and hyphenation patterns for 78 languages loaded.
(/usr/share/texlive/texmf-dist/tex/latex/memoir/memoir.cls
Document Class: memoir 2013/05/30 v3.7b configurable book, report, article docu
ment class
\onelineskip=\skip41
\lxvchars=\skip42
\xlvchars=\skip43
\@memcnta=\count79
\c@@memmarkcntra=\count80
(/usr/share/texlive/texmf-dist/tex/generic/oberdiek/ifpdf.sty
Package: ifpdf 2011/01/30 v2.3 Provides the ifpdf switch (HO)
Package ifpdf Info: pdfTeX in PDF mode is detected.
)
(/usr/share/texlive/texmf-dist/tex/latex/ifetex/ifetex.sty
Package: ifetex 2011/12/15 v1.2 ifetex

(/usr/share/texlive/texmf-dist/tex/plain/ifetex/ifetex.tex))
(/usr/share/texlive/texmf-dist/tex/generic/ifxetex/ifxetex.sty
Package: ifxetex 2010/09/12 v0.6 Provides ifxetex conditional
)
(/usr/share/texlive/texmf-dist/tex/generic/oberdiek/ifluatex.sty
Package: ifluatex 2010/03/01 v1.3 Provides the ifluatex switch (HO)
Package ifluatex Info: LuaTeX not detected.
)
\stockheight=\skip44
\stockwidth=\skip45
\trimtop=\skip46
\trimedge=\skip47

(/usr/share/texlive/texmf-dist/tex/latex/etex-pkg/etex.sty
Package: etex 1998/03/26 v2.0 eTeX basic definition package (PEB)
\et@xins=\count81
)
(/usr/share/texlive/texmf-dist/tex/latex/memoir/mem12.clo
File: mem12.clo 2010/10/19 v0.4b memoir class 12pt size option
)
\binding=\skip48
\spinemargin=\skip49
\foremargin=\skip50
\uppermargin=\skip51
\lowermargin=\skip52
\headdrop=\skip53
\normalrulethickness=\skip54
\mem@maxheadheight=\skip55
\mem@maxfootheight=\skip56
\headwidth=\skip57
\c@storedpagenumber=\count82
\memPD=\dimen102
\m@mabparskip=\skip58
\thanksmarkwidth=\skip59
\thanksmarksep=\skip60
\droptitle=\skip61
\c@book=\count83
\c@part=\count84
\c@chapter=\count85
\c@section=\count86
\c@subsection=\count87
\c@subsubsection=\count88
\c@paragraph=\count89
\c@subparagraph=\count90
\beforechapskip=\skip62
\midchapskip=\skip63
\afterchapskip=\skip64
\chapindent=\skip65
\bottomsectionskip=\skip66
\secindent=\skip67
\beforesecskip=\skip68
\aftersecskip=\skip69
\subsecindent=\skip70
\beforesubsecskip=\skip71
\aftersubsecskip=\skip72
\subsubsecindent=\skip73
\beforesubsubsecskip=\skip74
\aftersubsubsecskip=\skip75
\paraindent=\skip76
\beforeparaskip=\skip77
\afterparaskip=\skip78
\subparaindent=\skip79
\beforesubparaskip=\skip80
\aftersubparaskip=\skip81
\pfbreakskip=\skip82
\c@@ppsavesec=\count91
\c@@ppsaveapp=\count92
\ragrparindent=\dimen103
\everylistparindent=\dimen104
\parsepi=\skip83
\topsepi=\skip84
\itemsepi=\skip85
\parsepii=\skip86
\topsepii=\skip87
\topsepiii=\skip88
\itemsepii=\skip89
\itemsepiii=\skip90
\partopsepii=\skip91
\partopsepiii=\skip92
\m@msavetopsep=\skip93
\m@msavepartopsep=\skip94
\@enLab=\toks14
\abstitleskip=\skip95
\absleftindent=\skip96
\abs@leftindent=\dimen105
\absrightindent=\skip97
\absparindent=\skip98
\absparsep=\skip99
\c@vslineno=\count93
\c@poemline=\count94
\c@modulo@vs=\count95
\c@memfvsline=\count96
\vleftskip=\skip100
\vrightskip=\skip101
\stanzaskip=\skip102
\versewidth=\skip103
\vgap=\skip104
\vindent=\skip105
\vleftmargin=\dimen106
\c@verse=\count97
\c@chrsinstr=\count98
\beforepoemtitleskip=\skip106
\afterpoemtitleskip=\skip107
\c@poem=\count99
\beforePoemTitleskip=\skip108
\midPoemTitleskip=\skip109
\afterPoemTitleskip=\skip110
\col@sep=\dimen107
\extrarowheight=\dimen108
\NC@list=\toks15
\extratabsurround=\skip111
\backup@length=\skip112
\TX@col@width=\dimen109
\TX@old@table=\dimen110
\TX@old@col=\dimen111
\TX@target=\dimen112
\TX@delta=\dimen113
\TX@cols=\count100
\TX@ftn=\toks16
\heavyrulewidth=\dimen114
\lightrulewidth=\dimen115
\cmidrulewidth=\dimen116
\belowrulesep=\dimen117
\belowbottomsep=\dimen118
\aboverulesep=\dimen119
\abovetopsep=\dimen120
\cmidrulesep=\dimen121
\cmidrulekern=\dimen122
\defaultaddspace=\dimen123
\@cmidla=\count101
\@cmidlb=\count102
\@aboverulesep=\dimen124
\@belowrulesep=\dimen125
\@thisruleclass=\count103
\@lastruleclass=\count104
\@thisrulewidth=\dimen126
\ctableftskip=\skip113
\ctabrightskip=\skip114
\abovecolumnspenalty=\count105
\@linestogo=\count106
\@cellstogo=\count107
\@cellsincolumn=\count108
\crtok=\toks17
\@mincolumnwidth=\dimen127
\c@newflo@tctr=\count109
\mem@margin@floatbox=\box26
\@contcwidth=\skip115
\@contindw=\skip116
\abovecaptionskip=\skip117
\belowcaptionskip=\skip118
\subfloattopskip=\skip119
\subfloatcapskip=\skip120
\subfloatcaptopadj=\skip121
\subfloatbottomskip=\skip122
\subfloatlabelskip=\skip123
\subfloatcapmargin=\dimen128
\c@@contsubnum=\count110
\m@mscap@capbox=\box27
\m@mscap@fbox=\box28
\sidecapsep=\dimen129
\sidecapwidth=\dimen130
\m@m@tempdima=\dimen131
\m@mscapraise=\dimen132
\sidecapraise=\dimen133
\m@mscapmainwidth=\dimen134
\m@mscaplkern=\dimen135
\beforeepigraphskip=\skip124
\afterepigraphskip=\skip125
\epigraphwidth=\skip126
\epigraphrule=\skip127
LaTeX Info: Redefining \em on input line 7492.
LaTeX Info: Redefining \emph on input line 7500.
\tocentryskip=\skip128
\tocbaseline=\skip129
\cftparskip=\skip130
\cftbeforebookskip=\skip131
\cftbookindent=\dimen136
\cftbooknumwidth=\dimen137
\cftbeforepartskip=\skip132
\cftpartindent=\skip133
\cftpartnumwidth=\skip134
\cftbeforechapterskip=\skip135
\cftchapterindent=\skip136
\cftchapternumwidth=\skip137
\cftbeforesectionskip=\skip138
\cftsectionindent=\skip139
\cftsectionnumwidth=\skip140
\cftbeforesubsectionskip=\skip141
\cftsubsectionindent=\skip142
\cftsubsectionnumwidth=\skip143
\cftbeforesubsubsectionskip=\skip144
\cftsubsubsectionindent=\skip145
\cftsubsubsectionnumwidth=\skip146
\cftbeforeparagraphskip=\skip147
\cftparagraphindent=\skip148
\cftparagraphnumwidth=\skip149
\cftbeforesubparagraphskip=\skip150
\cftsubparagraphindent=\skip151
\cftsubparagraphnumwidth=\skip152
\prechapterprecisshift=\dimen138
\c@maxsecnumdepth=\count111
\bibindent=\dimen139
\bibitemsep=\skip153
\indexcolsep=\skip154
\indexrule=\skip155
\indexmarkstyle=\toks18
\@indexbox=\insert233
\glossarycolsep=\dimen140
\glossaryrule=\dimen141
\sideparvshift=\skip156
\sideins=\insert232
\sidebartopsep=\skip157
\sidebarhsep=\skip158
\sidebarvsep=\skip159
\sidebarwidth=\skip160
\footmarkwidth=\skip161
\footmarksep=\skip162
\footparindent=\skip163
\footinsdim=\skip164
\footinsv@r=\insert231
\@mpfootinsv@r=\insert230
\m@m@k=\count112
\m@m@h=\dimen142
\m@mipn@skip=\skip165
\sidefootins=\insert229
\sidefootadjust=\skip166
\sidefootheight=\skip167
\sidefoothsep=\skip168
\sidefootvsep=\skip169
\sidefootwidth=\skip170
\m@mdownsf=\skip171
\c@sidefootnote=\count113
\sidefootmarkwidth=\skip172
\sidefootmarksep=\skip173
\sidefootparindent=\skip174
\c@pagenote=\count114
\c@pagenoteshadow=\count115
\mem@pn@lastkern=\skip175
\every@verbatim=\toks19
\afterevery@verbatim=\toks20
\verbatim@line=\toks21
\tab@position=\count116
\verbatim@in@stream=\read1
\verbatimindent=\skip176
\verbatim@out=\write3
\bvboxsep=\skip177
\c@memfbvline=\count117
\c@bvlinectr=\count118
\bvnumlength=\skip178
\fb@frw=\dimen143
\fb@frh=\dimen144
\FrameRule=\dimen145
\FrameSep=\dimen146
\c@cp@cntr=\count119
LaTeX Info: Redefining \: on input line 11958.
LaTeX Info: Redefining \! on input line 11960.
\c@ism@mctr=\count120
\c@xsm@mctr=\count121
\c@csm@mctr=\count122
\c@ksm@mctr=\count123
\c@xksm@mctr=\count124
\c@cksm@mctr=\count125
\c@msm@mctr=\count126
\c@xmsm@mctr=\count127
\c@cmsm@mctr=\count128
\c@bsm@mctr=\count129
\c@workm@mctr=\count130
\c@sheetsequence=\count131
\c@lastsheet=\count132
\c@lastpage=\count133
\c@figure=\count134
\c@lofdepth=\count135
\cftbeforefigureskip=\skip179
\cftfigureindent=\skip180
\cftfigurenumwidth=\skip181
\c@table=\count136
\c@lotdepth=\count137
\cftbeforetableskip=\skip182
\cfttableindent=\skip183
\cfttablenumwidth=\skip184
Package abstract [2008/07/23] emulated by memoir.
Package appendix [2008/07/23] emulated by memoir.
Package array [2008/09/09] emulated by memoir.
Package booktabs [2008/07/23] emulated by memoir.
Package ccaption [2008/07/23] emulated by memoir.
Package changepage [2008/07/23] emulated by memoir.
Package chngcntr [2008/07/23] emulated by memoir.
Package chngpage [2008/07/23] emulated by memoir.
Package crop emulated by memoir.
Package dcolumn [2008/07/23] emulated by memoir.
Package delarray [2008/07/23] emulated by memoir.
Package enumerate [2008/07/23] emulated by memoir.
Package epigraph [2008/07/23] emulated by memoir.
Package ifmtarg [2008/07/23] emulated by memoir.
Package index [2008/07/23] emulated by memoir.
Package makeidx [2008/07/23] emulated by memoir.
Package moreverb [2008/07/23] emulated by memoir.
Package mparhack [2008/07/23] emulated by memoir.
Package needspace [2008/07/23] emulated by memoir.
Package newfile [2008/07/23] emulated by memoir.
Package nextpage [2008/07/23] emulated by memoir.
Package pagenote [2008/07/23] emulated by memoir.
Package parskip [2008/07/23] emulated by memoir.
Package patchcmd [2008/07/23] emulated by memoir.
Package setspace [2008/07/23] emulated by memoir.
Package shortvrb [2008/07/23] emulated by memoir.
Package showidx [2008/07/23] emulated by memoir.
Package tabularx [2008/07/23] emulated by memoir.
Package titleref [2008/07/23] emulated by memoir.
Package titling [2008/07/23] emulated by memoir.
Package tocbibind [2008/07/23] emulated by memoir.
Package tocloft [2008/07/23] emulated by memoir.
Package tocvsec2 [2008/07/23] emulated by memoir.
Package verbatim [2008/07/23] emulated by memoir.
Package verse [2008/07/23] emulated by memoir.

(/usr/share/texlive/texmf-dist/tex/latex/memoir/mempatch.sty
Package: mempatch 2009/07/24 v6.0f Patches for memoir class v1.6180339
))
(/usr/share/texlive/texmf-dist/tex/latex/listings/listings.sty
(/usr/share/texlive/texmf-dist/tex/latex/graphics/keyval.sty
Package: keyval 1999/03/16 v1.13 key=value parser (DPC)
\KV@toks@=\toks22
)
\lst@mode=\count138
\lst@gtempboxa=\box29
\lst@token=\toks23
\lst@length=\count139
\lst@currlwidth=\dimen147
\lst@column=\count140
\lst@pos=\count141
\lst@lostspace=\dimen148
\lst@width=\dimen149
\lst@newlines=\count142
\lst@lineno=\count143
\lst@maxwidth=\dimen150

(/usr/share/texlive/texmf-dist/tex/latex/listings/lstmisc.sty
File: lstmisc.sty 2013/08/26 1.5b (Carsten Heinz)
\c@lstnumber=\count144
\lst@skipnumbers=\count145
\lst@framebox=\box30
)
(/usr/share/texlive/texmf-dist/tex/latex/listings/listings.cfg
File: listings.cfg 2013/08/26 1.5b listings configuration
))
Package: listings 2013/08/26 1.5b (Carsten Heinz)

(/usr/share/texlive/texmf-dist/tex/latex/graphics/color.sty
Package: color 2005/11/14 v1.0j Standard LaTeX Color (DPC)

(/usr/share/texlive/texmf-dist/tex/latex/latexconfig/color.cfg
File: color.cfg 2007/01/18 v1.5 color configuration of teTeX/TeXLive
)
Package color Info: Driver file: pdftex.def on input line 130.

(/usr/share/texlive/texmf-dist/tex/latex/pdftex-def/pdftex.def
File: pdftex.def 2011/05/27 v0.06d Graphics/color for pdfTeX

(/usr/share/texlive/texmf-dist/tex/generic/oberdiek/infwarerr.sty
Package: infwarerr 2010/04/08 v1.3 Providing info/warning/error messages (HO)
)
(/usr/share/texlive/texmf-dist/tex/generic/oberdiek/ltxcmds.sty
Package: ltxcmds 2011/11/09 v1.22 LaTeX kernel commands for general use (HO)
)
\Gread@gobject=\count146
))
(/usr/share/texlive/texmf-dist/tex/latex/listings/lstlang1.sty
File: lstlang1.sty 2013/08/26 1.5b listings language file
)
(/usr/share/texlive/texmf-dist/tex/latex/wrapfig/wrapfig.sty
\wrapoverhang=\dimen151
\WF@size=\dimen152
\c@WF@wrappedlines=\count147
\WF@box=\box31
\WF@everypar=\toks24
Package: wrapfig 2003/01/31  v 3.6
)
(/usr/share/texlive/texmf-dist/tex/latex/titlesec/titlesec.sty
Package: titlesec 2011/12/15 v2.10.0 Sectioning titles
\ttl@box=\box32
\beforetitleunit=\skip185
\aftertitleunit=\skip186
\ttl@plus=\dimen153
\ttl@minus=\dimen154
\ttl@toksa=\toks25
\titlewidth=\dimen155
\titlewidthlast=\dimen156
\titlewidthfirst=\dimen157
)
(/usr/share/texlive/texmf-dist/tex/latex/algorithmicx/algpseudocode.sty
Package: algpseudocode 

(/usr/share/texlive/texmf-dist/tex/latex/base/ifthen.sty
Package: ifthen 2001/05/26 v1.1c Standard LaTeX ifthen package (DPC)
)
(/usr/share/texlive/texmf-dist/tex/latex/algorithmicx/algorithmicx.sty
Package: algorithmicx 2005/04/27 v1.2 Algorithmicx

Document Style algorithmicx 1.2 - a greatly improved `algorithmic' style
\c@ALG@line=\count148
\c@ALG@rem=\count149
\c@ALG@nested=\count150
\ALG@tlm=\skip187
\ALG@thistlm=\skip188
\c@ALG@Lnr=\count151
\c@ALG@blocknr=\count152
\c@ALG@storecount=\count153
\c@ALG@tmpcounter=\count154
\ALG@tmplength=\skip189
)
Document Style - pseudocode environments for use with the `algorithmicx' style
) (/usr/share/texlive/texmf-dist/tex/latex/algorithms/algorithm.sty
Package: algorithm 2009/08/24 v0.1 Document Style `algorithm' - floating enviro
nment

(/usr/share/texlive/texmf-dist/tex/latex/float/float.sty
Package: float 2001/11/08 v1.3d Float enhancements (AL)
\c@float@type=\count155
\float@exts=\toks26
\float@box=\box33
\@float@everytoks=\toks27
\@floatcapt=\box34
)
\@float@every@algorithm=\toks28
\c@algorithm=\count156
)
(/usr/share/texlive/texmf-dist/tex/latex/tools/multicol.sty
Package: multicol 2011/06/27 v1.7a multicolumn formatting (FMi)
\c@tracingmulticols=\count157
\mult@box=\box35
\multicol@leftmargin=\dimen158
\c@unbalance=\count158
\c@collectmore=\count159
\doublecol@number=\count160
\multicoltolerance=\count161
\multicolpretolerance=\count162
\full@width=\dimen159
\page@free=\dimen160
\premulticols=\dimen161
\postmulticols=\dimen162
\multicolsep=\skip190
\multicolbaselineskip=\skip191
\partial@page=\box36
\last@line=\box37
\mult@rightbox=\box38
\mult@grightbox=\box39
\mult@gfirstbox=\box40
\mult@firstbox=\box41
\@tempa=\box42
\@tempa=\box43
\@tempa=\box44
\@tempa=\box45
\@tempa=\box46
\@tempa=\box47
\@tempa=\box48
\@tempa=\box49
\@tempa=\box50
\@tempa=\box51
\@tempa=\box52
\@tempa=\box53
\@tempa=\box54
\@tempa=\box55
\@tempa=\box56
\@tempa=\box57
\@tempa=\box58
\c@columnbadness=\count163
\c@finalcolumnbadness=\count164
\last@try=\dimen163
\multicolovershoot=\dimen164
\multicolundershoot=\dimen165
\mult@nat@firstbox=\box59
\colbreak@box=\box60
\multicol@sort@counter=\count165
)
(/usr/share/texlive/texmf-dist/tex/latex/diagbox/diagbox.sty
Package: diagbox 2011/11/23 v2.0 Making table heads with diagonal lines

(/usr/share/texlive/texmf-dist/tex/latex/pict2e/pict2e.sty
Package: pict2e 2014/01/12 v0.2z Improved picture commands (HjG,RN,JT)

(/usr/share/texlive/texmf-dist/tex/latex/pict2e/pict2e.cfg
File: pict2e.cfg 2011/04/05 v0.1t pict2e configuration for teTeX/TeXLive
)
Package pict2e Info: Driver file: pdftex.def on input line 119.
Package pict2e Info: Driver file for pict2e: p2e-pdftex.def on input line 121.

(/usr/share/texlive/texmf-dist/tex/latex/pict2e/p2e-pdftex.def
File: p2e-pdftex.def 2011/04/05 v0.1t Driver-dependant file (RN,HjG,JT)
)
(/usr/share/texlive/texmf-dist/tex/latex/graphics/trig.sty
Package: trig 1999/03/16 v1.09 sin cos tan (DPC)
)
\pIIe@GRAPH=\toks29
\@arclen=\dimen166
\@arcrad=\dimen167
\@tempdimd=\dimen168
)
(/usr/share/texlive/texmf-dist/tex/latex/fp/fp.sty
Package: fp 1995/04/02

`Fixed Point Package', Version 0.8, April 2, 1995 (C) Michael Mehlich
(/usr/share/texlive/texmf-dist/tex/latex/fp/defpattern.sty
Package: defpattern 1994/10/12
\actioncount=\count166
)
(/usr/share/texlive/texmf-dist/tex/latex/fp/fp-basic.sty
Package: fp-basic 1996/05/13
\FP@xs=\count167
\FP@xia=\count168
\FP@xib=\count169
\FP@xfa=\count170
\FP@xfb=\count171
\FP@rega=\count172
\FP@regb=\count173
\FP@regs=\count174
\FP@times=\count175
)
(/usr/share/texlive/texmf-dist/tex/latex/fp/fp-addons.sty
Package: fp-addons 1995/03/15
)
(/usr/share/texlive/texmf-dist/tex/latex/fp/fp-snap.sty
Package: fp-snap 1995/04/05
)
(/usr/share/texlive/texmf-dist/tex/latex/fp/fp-exp.sty
Package: fp-exp 1995/04/03
)
(/usr/share/texlive/texmf-dist/tex/latex/fp/fp-trigo.sty
Package: fp-trigo 1995/04/14
)
(/usr/share/texlive/texmf-dist/tex/latex/fp/fp-pas.sty
Package: fp-pas 1994/08/29
)
(/usr/share/texlive/texmf-dist/tex/latex/fp/fp-random.sty
Package: fp-random 1995/02/23
\FPseed=\count176
)
(/usr/share/texlive/texmf-dist/tex/latex/fp/fp-eqn.sty
Package: fp-eqn 1995/04/03
)
(/usr/share/texlive/texmf-dist/tex/latex/fp/fp-upn.sty
Package: fp-upn 1996/10/21
)
(/usr/share/texlive/texmf-dist/tex/latex/fp/fp-eval.sty
Package: fp-eval 1995/04/03
))
\diagbox@boxa=\box61
\diagbox@boxb=\box62
\diagbox@boxm=\box63
\diagbox@wd=\dimen169
\diagbox@ht=\dimen170
\diagbox@sepl=\dimen171
\diagbox@sepr=\dimen172
)
(/usr/share/texlive/texmf-dist/tex/latex/amsmath/amsmath.sty
Package: amsmath 2013/01/14 v2.14 AMS math features
\@mathmargin=\skip192

For additional information on amsmath, use the `?' option.
(/usr/share/texlive/texmf-dist/tex/latex/amsmath/amstext.sty
Package: amstext 2000/06/29 v2.01

(/usr/share/texlive/texmf-dist/tex/latex/amsmath/amsgen.sty
File: amsgen.sty 1999/11/30 v2.0
\@emptytoks=\toks30
\ex@=\dimen173
))
(/usr/share/texlive/texmf-dist/tex/latex/amsmath/amsbsy.sty
Package: amsbsy 1999/11/29 v1.2d
\pmbraise@=\dimen174
)
(/usr/share/texlive/texmf-dist/tex/latex/amsmath/amsopn.sty
Package: amsopn 1999/12/14 v2.01 operator names
)
\inf@bad=\count177
LaTeX Info: Redefining \frac on input line 210.
\uproot@=\count178
\leftroot@=\count179
LaTeX Info: Redefining \overline on input line 306.
\classnum@=\count180
\DOTSCASE@=\count181
LaTeX Info: Redefining \ldots on input line 378.
LaTeX Info: Redefining \dots on input line 381.
LaTeX Info: Redefining \cdots on input line 466.
\Mathstrutbox@=\box64
\strutbox@=\box65
\big@size=\dimen175
LaTeX Font Info:    Redeclaring font encoding OML on input line 566.
LaTeX Font Info:    Redeclaring font encoding OMS on input line 567.
\macc@depth=\count182
\c@MaxMatrixCols=\count183
\dotsspace@=\muskip10
\c@parentequation=\count184
\dspbrk@lvl=\count185
\tag@help=\toks31
\row@=\count186
\column@=\count187
\maxfields@=\count188
\andhelp@=\toks32
\eqnshift@=\dimen176
\alignsep@=\dimen177
\tagshift@=\dimen178
\tagwidth@=\dimen179
\totwidth@=\dimen180
\lineht@=\dimen181
\@envbody=\toks33
\multlinegap=\skip193
\multlinetaggap=\skip194
\mathdisplay@stack=\toks34
LaTeX Info: Redefining \[ on input line 2665.
LaTeX Info: Redefining \] on input line 2666.
)
(/usr/share/texlive/texmf-dist/tex/latex/graphics/graphicx.sty
Package: graphicx 1999/02/16 v1.0f Enhanced LaTeX Graphics (DPC,SPQR)

(/usr/share/texlive/texmf-dist/tex/latex/graphics/graphics.sty
Package: graphics 2009/02/05 v1.0o Standard LaTeX Graphics (DPC,SPQR)

(/usr/share/texlive/texmf-dist/tex/latex/latexconfig/graphics.cfg
File: graphics.cfg 2010/04/23 v1.9 graphics configuration of TeX Live
)
Package graphics Info: Driver file: pdftex.def on input line 91.
)
\Gin@req@height=\dimen182
\Gin@req@width=\dimen183
)
(/usr/share/texlive/texmf-dist/tex/latex/cite/cite.sty
LaTeX Info: Redefining \cite on input line 302.
LaTeX Info: Redefining \nocite on input line 373.
Package: cite 2010/09/10  v 5.3
)
(/usr/share/texlive/texmf-dist/tex/latex/base/inputenc.sty
Package: inputenc 2008/03/30 v1.1d Input encoding file
\inpenc@prehook=\toks35
\inpenc@posthook=\toks36

(/usr/share/texlive/texmf-dist/tex/latex/base/utf8.def
File: utf8.def 2008/04/05 v1.1m UTF-8 support for inputenc
Now handling font encoding OML ...
... no UTF-8 mapping file for font encoding OML
Now handling font encoding T1 ...
... processing UTF-8 mapping file for font encoding T1

(/usr/share/texlive/texmf-dist/tex/latex/base/t1enc.dfu
File: t1enc.dfu 2008/04/05 v1.1m UTF-8 support for inputenc
   defining Unicode char U+00A1 (decimal 161)
   defining Unicode char U+00A3 (decimal 163)
   defining Unicode char U+00AB (decimal 171)
   defining Unicode char U+00BB (decimal 187)
   defining Unicode char U+00BF (decimal 191)
   defining Unicode char U+00C0 (decimal 192)
   defining Unicode char U+00C1 (decimal 193)
   defining Unicode char U+00C2 (decimal 194)
   defining Unicode char U+00C3 (decimal 195)
   defining Unicode char U+00C4 (decimal 196)
   defining Unicode char U+00C5 (decimal 197)
   defining Unicode char U+00C6 (decimal 198)
   defining Unicode char U+00C7 (decimal 199)
   defining Unicode char U+00C8 (decimal 200)
   defining Unicode char U+00C9 (decimal 201)
   defining Unicode char U+00CA (decimal 202)
   defining Unicode char U+00CB (decimal 203)
   defining Unicode char U+00CC (decimal 204)
   defining Unicode char U+00CD (decimal 205)
   defining Unicode char U+00CE (decimal 206)
   defining Unicode char U+00CF (decimal 207)
   defining Unicode char U+00D0 (decimal 208)
   defining Unicode char U+00D1 (decimal 209)
   defining Unicode char U+00D2 (decimal 210)
   defining Unicode char U+00D3 (decimal 211)
   defining Unicode char U+00D4 (decimal 212)
   defining Unicode char U+00D5 (decimal 213)
   defining Unicode char U+00D6 (decimal 214)
   defining Unicode char U+00D8 (decimal 216)
   defining Unicode char U+00D9 (decimal 217)
   defining Unicode char U+00DA (decimal 218)
   defining Unicode char U+00DB (decimal 219)
   defining Unicode char U+00DC (decimal 220)
   defining Unicode char U+00DD (decimal 221)
   defining Unicode char U+00DE (decimal 222)
   defining Unicode char U+00DF (decimal 223)
   defining Unicode char U+00E0 (decimal 224)
   defining Unicode char U+00E1 (decimal 225)
   defining Unicode char U+00E2 (decimal 226)
   defining Unicode char U+00E3 (decimal 227)
   defining Unicode char U+00E4 (decimal 228)
   defining Unicode char U+00E5 (decimal 229)
   defining Unicode char U+00E6 (decimal 230)
   defining Unicode char U+00E7 (decimal 231)
   defining Unicode char U+00E8 (decimal 232)
   defining Unicode char U+00E9 (decimal 233)
   defining Unicode char U+00EA (decimal 234)
   defining Unicode char U+00EB (decimal 235)
   defining Unicode char U+00EC (decimal 236)
   defining Unicode char U+00ED (decimal 237)
   defining Unicode char U+00EE (decimal 238)
   defining Unicode char U+00EF (decimal 239)
   defining Unicode char U+00F0 (decimal 240)
   defining Unicode char U+00F1 (decimal 241)
   defining Unicode char U+00F2 (decimal 242)
   defining Unicode char U+00F3 (decimal 243)
   defining Unicode char U+00F4 (decimal 244)
   defining Unicode char U+00F5 (decimal 245)
   defining Unicode char U+00F6 (decimal 246)
   defining Unicode char U+00F8 (decimal 248)
   defining Unicode char U+00F9 (decimal 249)
   defining Unicode char U+00FA (decimal 250)
   defining Unicode char U+00FB (decimal 251)
   defining Unicode char U+00FC (decimal 252)
   defining Unicode char U+00FD (decimal 253)
   defining Unicode char U+00FE (decimal 254)
   defining Unicode char U+00FF (decimal 255)
   defining Unicode char U+0102 (decimal 258)
   defining Unicode char U+0103 (decimal 259)
   defining Unicode char U+0104 (decimal 260)
   defining Unicode char U+0105 (decimal 261)
   defining Unicode char U+0106 (decimal 262)
   defining Unicode char U+0107 (decimal 263)
   defining Unicode char U+010C (decimal 268)
   defining Unicode char U+010D (decimal 269)
   defining Unicode char U+010E (decimal 270)
   defining Unicode char U+010F (decimal 271)
   defining Unicode char U+0110 (decimal 272)
   defining Unicode char U+0111 (decimal 273)
   defining Unicode char U+0118 (decimal 280)
   defining Unicode char U+0119 (decimal 281)
   defining Unicode char U+011A (decimal 282)
   defining Unicode char U+011B (decimal 283)
   defining Unicode char U+011E (decimal 286)
   defining Unicode char U+011F (decimal 287)
   defining Unicode char U+0130 (decimal 304)
   defining Unicode char U+0131 (decimal 305)
   defining Unicode char U+0132 (decimal 306)
   defining Unicode char U+0133 (decimal 307)
   defining Unicode char U+0139 (decimal 313)
   defining Unicode char U+013A (decimal 314)
   defining Unicode char U+013D (decimal 317)
   defining Unicode char U+013E (decimal 318)
   defining Unicode char U+0141 (decimal 321)
   defining Unicode char U+0142 (decimal 322)
   defining Unicode char U+0143 (decimal 323)
   defining Unicode char U+0144 (decimal 324)
   defining Unicode char U+0147 (decimal 327)
   defining Unicode char U+0148 (decimal 328)
   defining Unicode char U+014A (decimal 330)
   defining Unicode char U+014B (decimal 331)
   defining Unicode char U+0150 (decimal 336)
   defining Unicode char U+0151 (decimal 337)
   defining Unicode char U+0152 (decimal 338)
   defining Unicode char U+0153 (decimal 339)
   defining Unicode char U+0154 (decimal 340)
   defining Unicode char U+0155 (decimal 341)
   defining Unicode char U+0158 (decimal 344)
   defining Unicode char U+0159 (decimal 345)
   defining Unicode char U+015A (decimal 346)
   defining Unicode char U+015B (decimal 347)
   defining Unicode char U+015E (decimal 350)
   defining Unicode char U+015F (decimal 351)
   defining Unicode char U+0160 (decimal 352)
   defining Unicode char U+0161 (decimal 353)
   defining Unicode char U+0162 (decimal 354)
   defining Unicode char U+0163 (decimal 355)
   defining Unicode char U+0164 (decimal 356)
   defining Unicode char U+0165 (decimal 357)
   defining Unicode char U+016E (decimal 366)
   defining Unicode char U+016F (decimal 367)
   defining Unicode char U+0170 (decimal 368)
   defining Unicode char U+0171 (decimal 369)
   defining Unicode char U+0178 (decimal 376)
   defining Unicode char U+0179 (decimal 377)
   defining Unicode char U+017A (decimal 378)
   defining Unicode char U+017B (decimal 379)
   defining Unicode char U+017C (decimal 380)
   defining Unicode char U+017D (decimal 381)
   defining Unicode char U+017E (decimal 382)
   defining Unicode char U+200C (decimal 8204)
   defining Unicode char U+2013 (decimal 8211)
   defining Unicode char U+2014 (decimal 8212)
   defining Unicode char U+2018 (decimal 8216)
   defining Unicode char U+2019 (decimal 8217)
   defining Unicode char U+201A (decimal 8218)
   defining Unicode char U+201C (decimal 8220)
   defining Unicode char U+201D (decimal 8221)
   defining Unicode char U+201E (decimal 8222)
   defining Unicode char U+2030 (decimal 8240)
   defining Unicode char U+2031 (decimal 8241)
   defining Unicode char U+2039 (decimal 8249)
   defining Unicode char U+203A (decimal 8250)
   defining Unicode char U+2423 (decimal 9251)
)
Now handling font encoding OT1 ...
... processing UTF-8 mapping file for font encoding OT1

(/usr/share/texlive/texmf-dist/tex/latex/base/ot1enc.dfu
File: ot1enc.dfu 2008/04/05 v1.1m UTF-8 support for inputenc
   defining Unicode char U+00A1 (decimal 161)
   defining Unicode char U+00A3 (decimal 163)
   defining Unicode char U+00B8 (decimal 184)
   defining Unicode char U+00BF (decimal 191)
   defining Unicode char U+00C5 (decimal 197)
   defining Unicode char U+00C6 (decimal 198)
   defining Unicode char U+00D8 (decimal 216)
   defining Unicode char U+00DF (decimal 223)
   defining Unicode char U+00E6 (decimal 230)
   defining Unicode char U+00EC (decimal 236)
   defining Unicode char U+00ED (decimal 237)
   defining Unicode char U+00EE (decimal 238)
   defining Unicode char U+00EF (decimal 239)
   defining Unicode char U+00F8 (decimal 248)
   defining Unicode char U+0131 (decimal 305)
   defining Unicode char U+0141 (decimal 321)
   defining Unicode char U+0142 (decimal 322)
   defining Unicode char U+0152 (decimal 338)
   defining Unicode char U+0153 (decimal 339)
   defining Unicode char U+2013 (decimal 8211)
   defining Unicode char U+2014 (decimal 8212)
   defining Unicode char U+2018 (decimal 8216)
   defining Unicode char U+2019 (decimal 8217)
   defining Unicode char U+201C (decimal 8220)
   defining Unicode char U+201D (decimal 8221)
)
Now handling font encoding OMS ...
... processing UTF-8 mapping file for font encoding OMS

(/usr/share/texlive/texmf-dist/tex/latex/base/omsenc.dfu
File: omsenc.dfu 2008/04/05 v1.1m UTF-8 support for inputenc
   defining Unicode char U+00A7 (decimal 167)
   defining Unicode char U+00B6 (decimal 182)
   defining Unicode char U+00B7 (decimal 183)
   defining Unicode char U+2020 (decimal 8224)
   defining Unicode char U+2021 (decimal 8225)
   defining Unicode char U+2022 (decimal 8226)
)
Now handling font encoding OMX ...
... no UTF-8 mapping file for font encoding OMX
Now handling font encoding U ...
... no UTF-8 mapping file for font encoding U
   defining Unicode char U+00A9 (decimal 169)
   defining Unicode char U+00AA (decimal 170)
   defining Unicode char U+00AE (decimal 174)
   defining Unicode char U+00BA (decimal 186)
   defining Unicode char U+02C6 (decimal 710)
   defining Unicode char U+02DC (decimal 732)
   defining Unicode char U+200C (decimal 8204)
   defining Unicode char U+2026 (decimal 8230)
   defining Unicode char U+2122 (decimal 8482)
   defining Unicode char U+2423 (decimal 9251)
))
(/usr/share/texlive/texmf-dist/tex/latex/hyperref/hyperref.sty
Package: hyperref 2012/11/06 v6.83m Hypertext links for LaTeX

(/usr/share/texlive/texmf-dist/tex/generic/oberdiek/hobsub-hyperref.sty
Package: hobsub-hyperref 2012/05/28 v1.13 Bundle oberdiek, subset hyperref (HO)


(/usr/share/texlive/texmf-dist/tex/generic/oberdiek/hobsub-generic.sty
Package: hobsub-generic 2012/05/28 v1.13 Bundle oberdiek, subset generic (HO)
Package: hobsub 2012/05/28 v1.13 Construct package bundles (HO)
Package hobsub Info: Skipping package `infwarerr' (already loaded).
Package hobsub Info: Skipping package `ltxcmds' (already loaded).
Package hobsub Info: Skipping package `ifluatex' (already loaded).
Package: ifvtex 2010/03/01 v1.5 Detect VTeX and its facilities (HO)
Package ifvtex Info: VTeX not detected.
Package: intcalc 2007/09/27 v1.1 Expandable calculations with integers (HO)
Package hobsub Info: Skipping package `ifpdf' (already loaded).
Package: etexcmds 2011/02/16 v1.5 Avoid name clashes with e-TeX commands (HO)
Package etexcmds Info: Could not find \expanded.
(etexcmds)             That can mean that you are not using pdfTeX 1.50 or
(etexcmds)             that some package has redefined \expanded.
(etexcmds)             In the latter case, load this package earlier.
Package: kvsetkeys 2012/04/25 v1.16 Key value parser (HO)
Package: kvdefinekeys 2011/04/07 v1.3 Define keys (HO)
Package: pdftexcmds 2011/11/29 v0.20 Utility functions of pdfTeX for LuaTeX (HO
)
Package pdftexcmds Info: LuaTeX not detected.
Package pdftexcmds Info: \pdf@primitive is available.
Package pdftexcmds Info: \pdf@ifprimitive is available.
Package pdftexcmds Info: \pdfdraftmode found.
Package: pdfescape 2011/11/25 v1.13 Implements pdfTeX's escape features (HO)
Package: bigintcalc 2012/04/08 v1.3 Expandable calculations on big integers (HO
)
Package: bitset 2011/01/30 v1.1 Handle bit-vector datatype (HO)
Package: uniquecounter 2011/01/30 v1.2 Provide unlimited unique counter (HO)
)
Package hobsub Info: Skipping package `hobsub' (already loaded).
Package: letltxmacro 2010/09/02 v1.4 Let assignment for LaTeX macros (HO)
Package: hopatch 2012/05/28 v1.2 Wrapper for package hooks (HO)
Package: xcolor-patch 2011/01/30 xcolor patch
Package: atveryend 2011/06/30 v1.8 Hooks at the very end of document (HO)
Package atveryend Info: \enddocument detected (standard20110627).
Package: atbegshi 2011/10/05 v1.16 At begin shipout hook (HO)
Package: refcount 2011/10/16 v3.4 Data extraction from label references (HO)
Package: hycolor 2011/01/30 v1.7 Color options for hyperref/bookmark (HO)
)
(/usr/share/texlive/texmf-dist/tex/latex/oberdiek/auxhook.sty
Package: auxhook 2011/03/04 v1.3 Hooks for auxiliary files (HO)
)
(/usr/share/texlive/texmf-dist/tex/latex/oberdiek/kvoptions.sty
Package: kvoptions 2011/06/30 v3.11 Key value format for package options (HO)
)
\@linkdim=\dimen184
\Hy@linkcounter=\count189
\Hy@pagecounter=\count190

(/usr/share/texlive/texmf-dist/tex/latex/hyperref/pd1enc.def
File: pd1enc.def 2012/11/06 v6.83m Hyperref: PDFDocEncoding definition (HO)
Now handling font encoding PD1 ...
... no UTF-8 mapping file for font encoding PD1
)
\Hy@SavedSpaceFactor=\count191

(/usr/share/texlive/texmf-dist/tex/latex/latexconfig/hyperref.cfg
File: hyperref.cfg 2002/06/06 v1.2 hyperref configuration of TeXLive
)
Package hyperref Info: Hyper figures OFF on input line 4443.
Package hyperref Info: Link nesting OFF on input line 4448.
Package hyperref Info: Hyper index ON on input line 4451.
Package hyperref Info: Plain pages OFF on input line 4458.
Package hyperref Info: Backreferencing OFF on input line 4463.
Package hyperref Info: Implicit mode ON; LaTeX internals redefined.
Package hyperref Info: Bookmarks ON on input line 4688.
\c@Hy@tempcnt=\count192

(/usr/share/texlive/texmf-dist/tex/latex/url/url.sty
\Urlmuskip=\muskip11
Package: url 2013/09/16  ver 3.4  Verb mode for urls, etc.
)
LaTeX Info: Redefining \url on input line 5041.
\XeTeXLinkMargin=\dimen185
\Fld@menulength=\count193
\Field@Width=\dimen186
\Fld@charsize=\dimen187
Package hyperref Info: Hyper figures OFF on input line 6295.
Package hyperref Info: Link nesting OFF on input line 6300.
Package hyperref Info: Hyper index ON on input line 6303.
Package hyperref Info: backreferencing OFF on input line 6310.
Package hyperref Info: Link coloring OFF on input line 6315.
Package hyperref Info: Link coloring with OCG OFF on input line 6320.
Package hyperref Info: PDF/A mode OFF on input line 6325.
LaTeX Info: Redefining \ref on input line 6365.
LaTeX Info: Redefining \pageref on input line 6369.
\Hy@abspage=\count194
\c@Item=\count195
\c@Hfootnote=\count196
)
(/usr/share/texlive/texmf-dist/tex/latex/memoir/memhfixc.sty
Package: memhfixc 2013/05/30 v1.17 nameref/hyperref package fixes for memoir cl
ass
\c@memhycontfloat=\count197
\c@Hpagenote=\count198
)

Package hyperref Message: Driver (autodetected): hpdftex.

(/usr/share/texlive/texmf-dist/tex/latex/hyperref/hpdftex.def
File: hpdftex.def 2012/11/06 v6.83m Hyperref driver for pdfTeX
\Fld@listcount=\count199
\c@bookmark@seq@number=\count200

(/usr/share/texlive/texmf-dist/tex/latex/oberdiek/rerunfilecheck.sty
Package: rerunfilecheck 2011/04/15 v1.7 Rerun checks for auxiliary files (HO)
Package uniquecounter Info: New unique counter `rerunfilecheck' on input line 2
82.
)
\Hy@SectionHShift=\skip195
)

Class memoir Warning: You are using the caption package with the memoir class. 
To prepare we will now reset all captioning macros and configurations to kernel
 defaults, and then let the caption package take over. Please remember to use t
he caption package interfaces in order to configure your captions. .

(/usr/share/texlive/texmf-dist/tex/latex/caption/caption.sty
Package: caption 2013/05/02 v3.3-89 Customizing captions (AR)

(/usr/share/texlive/texmf-dist/tex/latex/caption/caption3.sty
Package: caption3 2013/05/02 v1.6-88 caption3 kernel (AR)
Package caption3 Info: TeX engine: e-TeX on input line 57.
\captionmargin=\dimen188
\captionmargin@=\dimen189
\captionwidth=\dimen190
\caption@tempdima=\dimen191
\caption@indent=\dimen192
\caption@parindent=\dimen193
\caption@hangindent=\dimen194
)
\c@ContinuedFloat=\count201
Package caption Info: float package is loaded.
Package caption Info: hyperref package is loaded.
Package caption Info: listings package is loaded.
Package caption Info: wrapfig package is loaded.
)
(/usr/share/texlive/texmf-dist/tex/latex/caption/subcaption.sty
Package: subcaption 2013/02/03 v1.1-62 Sub-captions (AR)
\c@subfigure=\count202
\c@subtable=\count203
)
(/usr/share/texlive/texmf-dist/tex/latex/txfonts/txfonts.sty
Package: txfonts 2008/01/22 v3.2.1
LaTeX Font Info:    Redeclaring symbol font `operators' on input line 21.
LaTeX Font Info:    Overwriting symbol font `operators' in version `normal'
(Font)                  OT1/cmr/m/n --> OT1/txr/m/n on input line 21.
LaTeX Font Info:    Overwriting symbol font `operators' in version `bold'
(Font)                  OT1/cmr/bx/n --> OT1/txr/m/n on input line 21.
LaTeX Font Info:    Overwriting symbol font `operators' in version `bold'
(Font)                  OT1/txr/m/n --> OT1/txr/bx/n on input line 22.
\symitalic=\mathgroup4
LaTeX Font Info:    Overwriting symbol font `italic' in version `bold'
(Font)                  OT1/txr/m/it --> OT1/txr/bx/it on input line 26.
LaTeX Font Info:    Redeclaring math alphabet \mathbf on input line 29.
LaTeX Font Info:    Overwriting math alphabet `\mathbf' in version `normal'
(Font)                  OT1/cmr/bx/n --> OT1/txr/bx/n on input line 29.
LaTeX Font Info:    Overwriting math alphabet `\mathbf' in version `bold'
(Font)                  OT1/cmr/bx/n --> OT1/txr/bx/n on input line 29.
LaTeX Font Info:    Redeclaring math alphabet \mathit on input line 30.
LaTeX Font Info:    Overwriting math alphabet `\mathit' in version `normal'
(Font)                  OT1/cmr/m/it --> OT1/txr/m/it on input line 30.
LaTeX Font Info:    Overwriting math alphabet `\mathit' in version `bold'
(Font)                  OT1/cmr/bx/it --> OT1/txr/m/it on input line 30.
LaTeX Font Info:    Overwriting math alphabet `\mathit' in version `bold'
(Font)                  OT1/txr/m/it --> OT1/txr/bx/it on input line 31.
LaTeX Font Info:    Redeclaring math alphabet \mathsf on input line 40.
LaTeX Font Info:    Overwriting math alphabet `\mathsf' in version `normal'
(Font)                  OT1/cmss/m/n --> OT1/txss/m/n on input line 40.
LaTeX Font Info:    Overwriting math alphabet `\mathsf' in version `bold'
(Font)                  OT1/cmss/bx/n --> OT1/txss/m/n on input line 40.
LaTeX Font Info:    Overwriting math alphabet `\mathsf' in version `bold'
(Font)                  OT1/txss/m/n --> OT1/txss/b/n on input line 41.
LaTeX Font Info:    Redeclaring math alphabet \mathtt on input line 50.
LaTeX Font Info:    Overwriting math alphabet `\mathtt' in version `normal'
(Font)                  OT1/cmtt/m/n --> OT1/txtt/m/n on input line 50.
LaTeX Font Info:    Overwriting math alphabet `\mathtt' in version `bold'
(Font)                  OT1/cmtt/m/n --> OT1/txtt/m/n on input line 50.
LaTeX Font Info:    Overwriting math alphabet `\mathtt' in version `bold'
(Font)                  OT1/txtt/m/n --> OT1/txtt/b/n on input line 51.
LaTeX Font Info:    Redeclaring symbol font `letters' on input line 58.
LaTeX Font Info:    Overwriting symbol font `letters' in version `normal'
(Font)                  OML/cmm/m/it --> OML/txmi/m/it on input line 58.
LaTeX Font Info:    Overwriting symbol font `letters' in version `bold'
(Font)                  OML/cmm/b/it --> OML/txmi/m/it on input line 58.
LaTeX Font Info:    Overwriting symbol font `letters' in version `bold'
(Font)                  OML/txmi/m/it --> OML/txmi/bx/it on input line 59.
\symlettersA=\mathgroup5
LaTeX Font Info:    Overwriting symbol font `lettersA' in version `bold'
(Font)                  U/txmia/m/it --> U/txmia/bx/it on input line 67.
LaTeX Font Info:    Redeclaring symbol font `symbols' on input line 77.
LaTeX Font Info:    Overwriting symbol font `symbols' in version `normal'
(Font)                  OMS/cmsy/m/n --> OMS/txsy/m/n on input line 77.
LaTeX Font Info:    Overwriting symbol font `symbols' in version `bold'
(Font)                  OMS/cmsy/b/n --> OMS/txsy/m/n on input line 77.
LaTeX Font Info:    Overwriting symbol font `symbols' in version `bold'
(Font)                  OMS/txsy/m/n --> OMS/txsy/bx/n on input line 78.
\symAMSa=\mathgroup6
LaTeX Font Info:    Overwriting symbol font `AMSa' in version `bold'
(Font)                  U/txsya/m/n --> U/txsya/bx/n on input line 94.
\symAMSb=\mathgroup7
LaTeX Font Info:    Overwriting symbol font `AMSb' in version `bold'
(Font)                  U/txsyb/m/n --> U/txsyb/bx/n on input line 103.
\symsymbolsC=\mathgroup8
LaTeX Font Info:    Overwriting symbol font `symbolsC' in version `bold'
(Font)                  U/txsyc/m/n --> U/txsyc/bx/n on input line 113.
LaTeX Font Info:    Redeclaring symbol font `largesymbols' on input line 120.
LaTeX Font Info:    Overwriting symbol font `largesymbols' in version `normal'
(Font)                  OMX/cmex/m/n --> OMX/txex/m/n on input line 120.
LaTeX Font Info:    Overwriting symbol font `largesymbols' in version `bold'
(Font)                  OMX/cmex/m/n --> OMX/txex/m/n on input line 120.
LaTeX Font Info:    Overwriting symbol font `largesymbols' in version `bold'
(Font)                  OMX/txex/m/n --> OMX/txex/bx/n on input line 121.
\symlargesymbolsA=\mathgroup9
LaTeX Font Info:    Overwriting symbol font `largesymbolsA' in version `bold'
(Font)                  U/txexa/m/n --> U/txexa/bx/n on input line 129.
LaTeX Info: Redefining \not on input line 1043.
)
(/usr/share/texlive/texmf-dist/tex/latex/geometry/geometry.sty
Package: geometry 2010/09/12 v5.6 Page Geometry
\Gm@cnth=\count204
\Gm@cntv=\count205
\c@Gm@tempcnt=\count206
\Gm@bindingoffset=\dimen195
\Gm@wd@mp=\dimen196
\Gm@odd@mp=\dimen197
\Gm@even@mp=\dimen198
\Gm@layoutwidth=\dimen199
\Gm@layoutheight=\dimen200
\Gm@layouthoffset=\dimen201
\Gm@layoutvoffset=\dimen202
\Gm@dimlist=\toks37
)

Package geometry Warning: Over-specification in `h'-direction.
    `width' (597.50787pt) is ignored.


Package geometry Warning: Over-specification in `v'-direction.
    `height' (845.04684pt) is ignored.

(./memoir.aux

LaTeX Warning: Label `recurrence-perfs' multiply defined.


LaTeX Warning: Label `recurrence-variance' multiply defined.


LaTeX Warning: Label `recurrence-perfs-PSO' multiply defined.

)
\openout1 = `memoir.aux'.

LaTeX Font Info:    Checking defaults for OML/txmi/m/it on input line 56.
LaTeX Font Info:    Try loading font information for OML+txmi on input line 56.

 (/usr/share/texlive/texmf-dist/tex/latex/txfonts/omltxmi.fd
File: omltxmi.fd 2000/12/15 v3.1
)
LaTeX Font Info:    ... okay on input line 56.
LaTeX Font Info:    Checking defaults for T1/cmr/m/n on input line 56.
LaTeX Font Info:    ... okay on input line 56.
LaTeX Font Info:    Checking defaults for OT1/cmr/m/n on input line 56.
LaTeX Font Info:    ... okay on input line 56.
LaTeX Font Info:    Checking defaults for OMS/txsy/m/n on input line 56.
LaTeX Font Info:    Try loading font information for OMS+txsy on input line 56.


(/usr/share/texlive/texmf-dist/tex/latex/txfonts/omstxsy.fd
File: omstxsy.fd 2000/12/15 v3.1
)
LaTeX Font Info:    ... okay on input line 56.
LaTeX Font Info:    Checking defaults for OMX/txex/m/n on input line 56.
LaTeX Font Info:    Try loading font information for OMX+txex on input line 56.


(/usr/share/texlive/texmf-dist/tex/latex/txfonts/omxtxex.fd
File: omxtxex.fd 2000/12/15 v3.1
)
LaTeX Font Info:    ... okay on input line 56.
LaTeX Font Info:    Checking defaults for U/txexa/m/n on input line 56.
LaTeX Font Info:    Try loading font information for U+txexa on input line 56.

(/usr/share/texlive/texmf-dist/tex/latex/txfonts/utxexa.fd
File: utxexa.fd 2000/12/15 v3.1
)
LaTeX Font Info:    ... okay on input line 56.
LaTeX Font Info:    Checking defaults for PD1/pdf/m/n on input line 56.
LaTeX Font Info:    ... okay on input line 56.
LaTeX Font Info:    Try loading font information for OT1+txr on input line 56.

(/usr/share/texlive/texmf-dist/tex/latex/txfonts/ot1txr.fd
File: ot1txr.fd 2000/12/15 v3.1
)
\c@lstlisting=\count207

(/usr/share/texlive/texmf-dist/tex/context/base/supp-pdf.mkii
[Loading MPS to PDF converter (version 2006.09.02).]
\scratchcounter=\count208
\scratchdimen=\dimen203
\scratchbox=\box66
\nofMPsegments=\count209
\nofMParguments=\count210
\everyMPshowfont=\toks38
\MPscratchCnt=\count211
\MPscratchDim=\dimen204
\MPnumerator=\count212
\makeMPintoPDFobject=\count213
\everyMPtoPDFconversion=\toks39
) (/usr/share/texlive/texmf-dist/tex/latex/oberdiek/epstopdf-base.sty
Package: epstopdf-base 2010/02/09 v2.5 Base part for package epstopdf

(/usr/share/texlive/texmf-dist/tex/latex/oberdiek/grfext.sty
Package: grfext 2010/08/19 v1.1 Manage graphics extensions (HO)
)
Package grfext Info: Graphics extension search list:
(grfext)             [.png,.pdf,.jpg,.mps,.jpeg,.jbig2,.jb2,.PNG,.PDF,.JPG,.JPE
G,.JBIG2,.JB2,.eps]
(grfext)             \AppendGraphicsExtensions on input line 452.

(/usr/share/texlive/texmf-dist/tex/latex/latexconfig/epstopdf-sys.cfg
File: epstopdf-sys.cfg 2010/07/13 v1.3 Configuration of (r)epstopdf for TeX Liv
e
))
\AtBeginShipoutBox=\box67
Package hyperref Info: Link coloring OFF on input line 56.

(/usr/share/texlive/texmf-dist/tex/latex/hyperref/nameref.sty
Package: nameref 2012/10/27 v2.43 Cross-referencing by name of section

(/usr/share/texlive/texmf-dist/tex/generic/oberdiek/gettitlestring.sty
Package: gettitlestring 2010/12/03 v1.4 Cleanup title references (HO)
)
\c@section@level=\count214
)
Redoing nameref's sectioning
Redoing nameref's label
LaTeX Info: Redefining \nameref on input line 56.
LaTeX Info: Redefining \ref on input line 56.
LaTeX Info: Redefining \pageref on input line 56.
LaTeX Info: Redefining \nameref on input line 56.
(./memoir.out) (./memoir.out)
\@outlinefile=\write4
\openout4 = `memoir.out'.

Package caption Info: Begin \AtBeginDocument code.
Package caption Info: End \AtBeginDocument code.

*geometry* driver: auto-detecting
*geometry* detected driver: pdftex
*geometry* verbose mode - [ preamble ] result:
* driver: pdftex
* paper: a4paper
* layout: <same size as paper>
* layoutoffset:(h,v)=(0.0pt,0.0pt)
* modes: 
* h-part:(L,W,R)=(36.98857pt, 523.53073pt, 36.98857pt)
* v-part:(T,H,B)=(42.67912pt, 759.6886pt, 42.67912pt)
* \paperwidth=597.50787pt
* \paperheight=845.04684pt
* \textwidth=523.53073pt
* \textheight=759.6886pt
* \oddsidemargin=-35.28142pt
* \evensidemargin=-35.28142pt
* \topmargin=-63.96466pt
* \headheight=14.5pt
* \headsep=19.8738pt
* \topskip=12.0pt
* \footskip=30.0pt
* \marginparwidth=42.0pt
* \marginparsep=7.0pt
* \columnsep=10.0pt
* \skip\footins=12.0pt plus 4.0pt minus 4.0pt
* \hoffset=0.0pt
* \voffset=0.0pt
* \mag=1000
* \@twocolumnfalse
* \@twosidefalse
* \@mparswitchfalse
* \@reversemarginfalse
* (1in=72.27pt=25.4mm, 1cm=28.453pt)

LaTeX Font Info:    Try loading font information for U+txmia on input line 68.
(/usr/share/texlive/texmf-dist/tex/latex/txfonts/utxmia.fd
File: utxmia.fd 2000/12/15 v3.1
)
LaTeX Font Info:    Try loading font information for U+txsya on input line 68.

(/usr/share/texlive/texmf-dist/tex/latex/txfonts/utxsya.fd
File: utxsya.fd 2000/12/15 v3.1
)
LaTeX Font Info:    Try loading font information for U+txsyb on input line 68.

(/usr/share/texlive/texmf-dist/tex/latex/txfonts/utxsyb.fd
File: utxsyb.fd 2000/12/15 v3.1
)
LaTeX Font Info:    Try loading font information for U+txsyc on input line 68.

(/usr/share/texlive/texmf-dist/tex/latex/txfonts/utxsyc.fd
File: utxsyc.fd 2000/12/15 v3.1
) [1

{/var/lib/texmf/fonts/map/pdftex/updmap/pdftex.map}] (./memoir.toc [2

]) [3]
Underfull \hbox (badness 10000) in paragraph at lines 79--90

 []


Underfull \hbox (badness 10000) in paragraph at lines 79--90

 []


Underfull \hbox (badness 10000) in paragraph at lines 79--90

 []


Underfull \hbox (badness 10000) in paragraph at lines 79--90

 []


Underfull \hbox (badness 10000) in paragraph at lines 79--90

 []

[4


]
Underfull \hbox (badness 10000) in paragraph at lines 95--100

 []


Underfull \hbox (badness 10000) in paragraph at lines 95--100

 []


Underfull \hbox (badness 10000) in paragraph at lines 103--106

 []

[5

]
Underfull \hbox (badness 10000) in paragraph at lines 131--135

 []

LaTeX Font Info:    Try loading font information for OMS+txr on input line 143.

(/usr/share/texlive/texmf-dist/tex/latex/txfonts/omstxr.fd
File: omstxr.fd 2000/12/15 v3.1
)
LaTeX Font Info:    Font shape `OMS/txr/m/n' in size <12> not available
(Font)              Font shape `OMS/txsy/m/n' tried instead on input line 143.
 [6]
Overfull \hbox (8.15195pt too wide) in paragraph at lines 177--179
\OT1/txr/m/n/12 Is used al-ter-na-tively with its sub-types to des-ig-nate al-g
o-rithms in-spired by evo-lu-tion, spec-i-fy-ing a crossover
 []

[7] [8

]
Underfull \hbox (badness 10000) in paragraph at lines 202--205

 []

<images/GeneticAlgorithm.png, id=270, 160.6pt x 406.51875pt>
File: images/GeneticAlgorithm.png Graphic file (type png)

<use images/GeneticAlgorithm.png>
Package pdftex.def Info: images/GeneticAlgorithm.png used on input line 210.
(pdftex.def)             Requested size: 120.44969pt x 304.8883pt.

Underfull \hbox (badness 10000) in paragraph at lines 220--225

 []


Underfull \hbox (badness 2418) in paragraph at lines 220--225
\OT1/txr/m/it/12 lec-tion phase\OT1/txr/m/n/12 . In the canon-i-cal eli-tist GA
, only the
 []


Underfull \hbox (badness 1874) in paragraph at lines 220--225
\OT1/txr/m/n/12 va-ri-ety of crossover op-er-a-tions ex-ist (e.g., one or two
 []


Underfull \hbox (badness 3098) in paragraph at lines 220--225
\OT1/txr/m/n/12 the off-spring has a prob-a-bil-ity to be mu-tated. The
 []


Underfull \hbox (badness 1127) in paragraph at lines 220--225
\OT1/txr/m/it/12 mu-ta-tion op-er-a-tion \OT1/txr/m/n/12 is a mi-nor ran-dom al
-ter-ation of the
 []


Underfull \hbox (badness 10000) in paragraph at lines 220--225

 []


Underfull \hbox (badness 10000) in paragraph at lines 228--231

 []

[9 <./images/GeneticAlgorithm.png>]
<images/ModelOfArtificialNeuron.png, id=289, 602.25pt x 286.06876pt>
File: images/ModelOfArtificialNeuron.png Graphic file (type png)

<use images/ModelOfArtificialNeuron.png>
Package pdftex.def Info: images/ModelOfArtificialNeuron.png used on input line 
240.
(pdftex.def)             Requested size: 301.12425pt x 143.03403pt.

Underfull \hbox (badness 10000) in paragraph at lines 245--248

 []

<images/neural-net-diagram.png, id=299, 501.875pt x 275.0275pt>
File: images/neural-net-diagram.png Graphic file (type png)

<use images/neural-net-diagram.png>
Package pdftex.def Info: images/neural-net-diagram.png used on input line 272.
(pdftex.def)             Requested size: 326.21487pt x 178.76575pt.
 [10 <./images/ModelOfArtificialNeuron.png>]
Underfull \hbox (badness 10000) in paragraph at lines 309--312

 []


LaTeX Warning: `h' float specifier changed to `ht'.

[11 <./images/neural-net-diagram.png (PNG copy)>]

Package amsmath Warning: Foreign command \over;
(amsmath)                \frac or \genfrac should be used instead
(amsmath)                 on input line 338.

[12]
Package hyperref Info: bookmark level for unknown algorithm defaults to 0 on in
put line 357.
 [13pdfTeX warning (ext4): destination with the same identifier (name{figure.ca
ption.16}) has been already used, duplicate ignored

\AtBegShi@Output ...ipout \box \AtBeginShipoutBox 
                                                  \fi \fi 
l.419 \newpage
              pdfTeX warning (ext4): destination with the same identifier (name
{figure.caption.16}) has been already used, duplicate ignored

\AtBegShi@Output ...ipout \box \AtBeginShipoutBox 
                                                  \fi \fi 
l.419 \newpage
              ] [14]
<images/slow_convergence.jpg, id=379, 639.38875pt x 406.51875pt>
File: images/slow_convergence.jpg Graphic file (type jpg)

<use images/slow_convergence.jpg>
Package pdftex.def Info: images/slow_convergence.jpg used on input line 479.
(pdftex.def)             Requested size: 191.8181pt x 121.95656pt.

<images/divergence.jpg, id=380, 634.37pt x 405.515pt>
File: images/divergence.jpg Graphic file (type jpg)

<use images/divergence.jpg>
Package pdftex.def Info: images/divergence.jpg used on input line 484.
(pdftex.def)             Requested size: 190.31245pt x 121.65543pt.

Underfull \hbox (badness 10000) in paragraph at lines 491--498

 []


Underfull \hbox (badness 10000) in paragraph at lines 491--498

 []

[15

 <./images/slow_convergence.jpg> <./images/divergence.jpg>]
Underfull \hbox (badness 10000) in paragraph at lines 507--514

 []


Underfull \hbox (badness 10000) in paragraph at lines 507--514

 []

LaTeX Font Info:    Try loading font information for OT1+txtt on input line 517
.
(/usr/share/texlive/texmf-dist/tex/latex/txfonts/ot1txtt.fd
File: ot1txtt.fd 2000/12/15 v3.1
) [16

]
Underfull \hbox (badness 10000) in paragraph at lines 564--568

 []


Underfull \hbox (badness 10000) in paragraph at lines 594--597

 []

[17] [18]
Underfull \hbox (badness 10000) in paragraph at lines 658--661

 []


Underfull \hbox (badness 10000) in paragraph at lines 680--684

 []

[19]
Underfull \hbox (badness 10000) in paragraph at lines 732--735

 []

[20] <images/biasvariance_fortmann_roe.png, id=496, 507.95486pt x 319.02043pt>
File: images/biasvariance_fortmann_roe.png Graphic file (type png)

<use images/biasvariance_fortmann_roe.png>
Package pdftex.def Info: images/biasvariance_fortmann_roe.png used on input lin
e 738.
(pdftex.def)             Requested size: 330.16675pt x 207.36081pt.

<images/cross_validation_mccormick.png, id=500, 513.41812pt x 274.77657pt>
File: images/cross_validation_mccormick.png Graphic file (type png)

<use images/cross_validation_mccormick.png>
Package pdftex.def Info: images/cross_validation_mccormick.png used on input li
ne 752.
(pdftex.def)             Requested size: 385.06264pt x 206.08191pt.


LaTeX Warning: `!h' float specifier changed to `!ht'.

[21 <./images/biasvariance_fortmann_roe.png>]
Underfull \hbox (badness 10000) in paragraph at lines 772--779

 []


Underfull \hbox (badness 10000) in paragraph at lines 772--779

 []


Underfull \hbox (badness 10000) in paragraph at lines 772--779

 []

[22 <./images/cross_validation_mccormick.png>] [23]

LaTeX Warning: Reference `malignant-perfs' on page 24 undefined on input line 8
03.


Underfull \hbox (badness 10000) in paragraph at lines 803--808

 []


Underfull \hbox (badness 10000) in paragraph at lines 803--808

 []

[24

]
<images/malignant-performancesVSepochs-DE.png, id=551, 578.16pt x 433.62pt>
File: images/malignant-performancesVSepochs-DE.png Graphic file (type png)

<use images/malignant-performancesVSepochs-DE.png>
Package pdftex.def Info: images/malignant-performancesVSepochs-DE.png used on i
nput line 829.
(pdftex.def)             Requested size: 404.70924pt x 303.53192pt.

Underfull \hbox (badness 10000) in paragraph at lines 835--838

 []

[25 <./images/malignant-performancesVSepochs-DE.png>]
<images/malignant-meanVSepochs-DE.png, id=573, 562.2606pt x 421.575pt>
File: images/malignant-meanVSepochs-DE.png Graphic file (type png)

<use images/malignant-meanVSepochs-DE.png>
Package pdftex.def Info: images/malignant-meanVSepochs-DE.png used on input lin
e 844.
(pdftex.def)             Requested size: 393.57974pt x 295.10048pt.

<images/malignant-varianceVSepochs-DE.png, id=574, 562.2606pt x 421.575pt>
File: images/malignant-varianceVSepochs-DE.png Graphic file (type png)

<use images/malignant-varianceVSepochs-DE.png>
Package pdftex.def Info: images/malignant-varianceVSepochs-DE.png used on input
 line 852.
(pdftex.def)             Requested size: 393.57974pt x 295.10048pt.

<images/malignant-learning_curve_pop_size-DE.png, id=575, 578.16pt x 433.62pt>
File: images/malignant-learning_curve_pop_size-DE.png Graphic file (type png)

<use images/malignant-learning_curve_pop_size-DE.png>
Package pdftex.def Info: images/malignant-learning_curve_pop_size-DE.png used o
n input line 861.
(pdftex.def)             Requested size: 549.24889pt x 411.93666pt.

Overfull \hbox (25.71815pt too wide) in paragraph at lines 861--863
 [][] 
 []


LaTeX Warning: `h' float specifier changed to `ht'.

[26 <./images/malignant-meanVSepochs-DE.png> <./images/malignant-varianceVSepoc
hs-DE.png>] [27 <./images/malignant-learning_curve_pop_size-DE.png>]
<images/malignant-performancesVSepochs-DE-BEST.png, id=586, 578.16pt x 433.62pt
>
File: images/malignant-performancesVSepochs-DE-BEST.png Graphic file (type png)

 <use images/malignant-performancesVSepochs-DE-BEST.png>
Package pdftex.def Info: images/malignant-performancesVSepochs-DE-BEST.png used
 on input line 875.
(pdftex.def)             Requested size: 404.70924pt x 303.53192pt.

<images/malignant-varianceVSepochs-DE-BEST.png, id=587, 578.16pt x 433.62pt>
File: images/malignant-varianceVSepochs-DE-BEST.png Graphic file (type png)

<use images/malignant-varianceVSepochs-DE-BEST.png>
Package pdftex.def Info: images/malignant-varianceVSepochs-DE-BEST.png used on 
input line 883.
(pdftex.def)             Requested size: 404.70924pt x 303.53192pt.

Underfull \hbox (badness 10000) in paragraph at lines 889--892

 []

[28

 <./images/malignant-performancesVSepochs-DE-BEST.png> <./images/malignant-vari
anceVSepochs-DE-BEST.png>]
Underfull \hbox (badness 10000) in paragraph at lines 896--901

 []


Underfull \hbox (badness 10000) in paragraph at lines 896--901

 []

<images/malignant-performancesVSepochs-PSO.png, id=595, 578.16pt x 433.62pt>
File: images/malignant-performancesVSepochs-PSO.png Graphic file (type png)

<use images/malignant-performancesVSepochs-PSO.png>
Package pdftex.def Info: images/malignant-performancesVSepochs-PSO.png used on 
input line 904.
(pdftex.def)             Requested size: 404.70924pt x 303.53192pt.

<images/malignant-varianceVSepochs-PSO.png, id=596, 578.16pt x 433.62pt>
File: images/malignant-varianceVSepochs-PSO.png Graphic file (type png)

<use images/malignant-varianceVSepochs-PSO.png>
Package pdftex.def Info: images/malignant-varianceVSepochs-PSO.png used on inpu
t line 912.
(pdftex.def)             Requested size: 404.70924pt x 303.53192pt.


LaTeX Warning: `h' float specifier changed to `ht'.

<images/malignant-meanVSepochs-PSO.png, id=597, 578.16pt x 433.62pt>
File: images/malignant-meanVSepochs-PSO.png Graphic file (type png)

<use images/malignant-meanVSepochs-PSO.png>
Package pdftex.def Info: images/malignant-meanVSepochs-PSO.png used on input li
ne 920.
(pdftex.def)             Requested size: 404.70924pt x 303.53192pt.


LaTeX Warning: `h' float specifier changed to `ht'.

[29 <./images/malignant-performancesVSepochs-PSO.png>] [30 <./images/malignant-
varianceVSepochs-PSO.png> <./images/malignant-meanVSepochs-PSO.png>]
Underfull \hbox (badness 10000) in paragraph at lines 938--945

 []


Underfull \hbox (badness 10000) in paragraph at lines 938--945

 []


Underfull \hbox (badness 10000) in paragraph at lines 938--945

 []


<images/malignant-performancesVSepochs-DE-derived-rand.png, id=614, 578.16pt x 
433.62pt>
File: images/malignant-performancesVSepochs-DE-derived-rand.png Graphic file (t
ype png)
 <use images/malignant-performancesVSepochs-DE-derived-rand.png>
Package pdftex.def Info: images/malignant-performancesVSepochs-DE-derived-rand.
png used on input line 948.
(pdftex.def)             Requested size: 404.70924pt x 303.53192pt.


LaTeX Warning: `h' float specifier changed to `ht'.


<images/malignant-varianceVSepochs-DE-derived-rand.png, id=615, 578.16pt x 433.
62pt>
File: images/malignant-varianceVSepochs-DE-derived-rand.png Graphic file (type 
png)
 <use images/malignant-varianceVSepochs-DE-derived-rand.png>
Package pdftex.def Info: images/malignant-varianceVSepochs-DE-derived-rand.png 
used on input line 956.
(pdftex.def)             Requested size: 404.70924pt x 303.53192pt.


LaTeX Warning: `h' float specifier changed to `ht'.


<images/malignant-meanVSepochs-DE-derived-rand.png, id=616, 578.16pt x 433.62pt
>
File: images/malignant-meanVSepochs-DE-derived-rand.png Graphic file (type png)

 <use images/malignant-meanVSepochs-DE-derived-rand.png>
Package pdftex.def Info: images/malignant-meanVSepochs-DE-derived-rand.png used
 on input line 964.
(pdftex.def)             Requested size: 404.70924pt x 303.53192pt.


LaTeX Warning: `h' float specifier changed to `ht'.

[31

] [32 <./images/malignant-performancesVSepochs-DE-derived-rand.png> <./images/m
alignant-varianceVSepochs-DE-derived-rand.png>] [33 <./images/malignant-meanVSe
pochs-DE-derived-rand.png>]
Underfull \hbox (badness 10000) in paragraph at lines 974--979

 []


Underfull \hbox (badness 10000) in paragraph at lines 974--979

 []

[34

] [35]
Underfull \hbox (badness 10000) in paragraph at lines 1038--1039

 []


Underfull \hbox (badness 10000) in paragraph at lines 1040--1045

 []


Underfull \hbox (badness 10000) in paragraph at lines 1040--1045

 []

[36


]
Overfull \hbox (1.50528pt too wide) in paragraph at lines 1048--1057
\OT1/txr/m/it/12 feature-scaling\OT1/txr/m/n/12 . It was ex-pe-ri-enced that us
-ing more in-tel-li-gent fit-ness func-tions and main-tain-ing the imbalance-
 []


Underfull \hbox (badness 10000) in paragraph at lines 1048--1057

 []


Underfull \hbox (badness 10000) in paragraph at lines 1048--1057

 []


Underfull \hbox (badness 10000) in paragraph at lines 1048--1057

 []


Underfull \hbox (badness 10000) in paragraph at lines 1048--1057

 []

[37

]
Underfull \hbox (badness 10000) in paragraph at lines 1068--1071

 []

[38] [39]
Underfull \hbox (badness 5260) in paragraph at lines 1137--1138
[]\OT1/txr/m/n/12 Corresponding Uni-ver-sity of Cal-i-for-nia
 []


<images/Breast_cancer_Wisconsin_Visualisation.png, id=683, 761.09344pt x 703.87
968pt>
File: images/Breast_cancer_Wisconsin_Visualisation.png Graphic file (type png)
 <use images/Breast_cancer_Wisconsin_Visualisation.png>
Package pdftex.def Info: images/Breast_cancer_Wisconsin_Visualisation.png used 
on input line 1141.
(pdftex.def)             Requested size: 228.32979pt x 211.16553pt.


LaTeX Warning: `h' float specifier changed to `ht'.


LaTeX Warning: `h' float specifier changed to `ht'.


<images/Breast_cancer_Wisconsin_Visualisation_legend.png, id=688, 151.3153pt x 
109.1578pt>
File: images/Breast_cancer_Wisconsin_Visualisation_legend.png Graphic file (typ
e png)
 <use images/Breast_cancer_Wisconsin_Visualisation_legend.png>
Package pdftex.def Info: images/Breast_cancer_Wisconsin_Visualisation_legend.pn
g used on input line 1210.
(pdftex.def)             Requested size: 151.31493pt x 109.15753pt.

[40

 <./images/Breast_cancer_Wisconsin_Visualisation.png>] [41 <./images/Breast_can
cer_Wisconsin_Visualisation_legend.png>]
<images/recurrence-performancesVSepochs-DE.png, id=738, 578.16pt x 433.62pt>
File: images/recurrence-performancesVSepochs-DE.png Graphic file (type png)

<use images/recurrence-performancesVSepochs-DE.png>
Package pdftex.def Info: images/recurrence-performancesVSepochs-DE.png used on 
input line 1223.
(pdftex.def)             Requested size: 375.79955pt x 281.84966pt.

<images/recurrence-varianceVSepochs-DE.png, id=739, 578.16pt x 433.62pt>
File: images/recurrence-varianceVSepochs-DE.png Graphic file (type png)

<use images/recurrence-varianceVSepochs-DE.png>
Package pdftex.def Info: images/recurrence-varianceVSepochs-DE.png used on inpu
t line 1232.
(pdftex.def)             Requested size: 375.79955pt x 281.84966pt.
 [42

 <./images/recurrence-performancesVSepochs-DE.png> <./images/recurrence-varianc
eVSepochs-DE.png>]
<images/recurrence-performancesVSepochs-DE-BEST.png, id=747, 578.16pt x 433.62p
t>
File: images/recurrence-performancesVSepochs-DE-BEST.png Graphic file (type png
)
 <use images/recurrence-performancesVSepochs-DE-BEST.png>
Package pdftex.def Info: images/recurrence-performancesVSepochs-DE-BEST.png use
d on input line 1245.
(pdftex.def)             Requested size: 404.70924pt x 303.53192pt.

<images/recurrence-varianceVSepochs-DE-BEST.png, id=748, 578.16pt x 433.62pt>
File: images/recurrence-varianceVSepochs-DE-BEST.png Graphic file (type png)

<use images/recurrence-varianceVSepochs-DE-BEST.png>
Package pdftex.def Info: images/recurrence-varianceVSepochs-DE-BEST.png used on
 input line 1253.
(pdftex.def)             Requested size: 404.70924pt x 303.53192pt.
 [43

 <./images/recurrence-performancesVSepochs-DE-BEST.png> <./images/recurrence-va
rianceVSepochs-DE-BEST.png>] <images/recurrence-meanVSepochs-DE.png, id=757, 57
8.16pt x 433.62pt>
File: images/recurrence-meanVSepochs-DE.png Graphic file (type png)

<use images/recurrence-meanVSepochs-DE.png>
Package pdftex.def Info: images/recurrence-meanVSepochs-DE.png used on input li
ne 1263.
(pdftex.def)             Requested size: 404.70924pt x 303.53192pt.
 [44

 <./images/recurrence-meanVSepochs-DE.png>]
<images/recurrence-performancesVSepochs-PSO.png, id=763, 578.16pt x 433.62pt>
File: images/recurrence-performancesVSepochs-PSO.png Graphic file (type png)

<use images/recurrence-performancesVSepochs-PSO.png>
Package pdftex.def Info: images/recurrence-performancesVSepochs-PSO.png used on
 input line 1275.
(pdftex.def)             Requested size: 404.70924pt x 303.53192pt.

<images/recurrence-meanVSepochs-PSO.png, id=764, 578.16pt x 433.62pt>
File: images/recurrence-meanVSepochs-PSO.png Graphic file (type png)

<use images/recurrence-meanVSepochs-PSO.png>
Package pdftex.def Info: images/recurrence-meanVSepochs-PSO.png used on input l
ine 1283.
(pdftex.def)             Requested size: 404.70924pt x 303.53192pt.
 [45

 <./images/recurrence-performancesVSepochs-PSO.png> <./images/recurrence-meanVS
epochs-PSO.png>]
File: images/recurrence-performancesVSepochs-PSO.png Graphic file (type png)

<use images/recurrence-performancesVSepochs-PSO.png>
Package pdftex.def Info: images/recurrence-performancesVSepochs-PSO.png used on
 input line 1293.
(pdftex.def)             Requested size: 404.70924pt x 303.53192pt.
 [46

]
<images/haberman-performancesVSepochs-DE.png, id=777, 578.16pt x 433.62pt>
File: images/haberman-performancesVSepochs-DE.png Graphic file (type png)

<use images/haberman-performancesVSepochs-DE.png>
Package pdftex.def Info: images/haberman-performancesVSepochs-DE.png used on in
put line 1307.
(pdftex.def)             Requested size: 375.79955pt x 281.84966pt.

<images/haberman-varianceVSepochs-DE.png, id=778, 562.2606pt x 421.575pt>
File: images/haberman-varianceVSepochs-DE.png Graphic file (type png)

<use images/haberman-varianceVSepochs-DE.png>
Package pdftex.def Info: images/haberman-varianceVSepochs-DE.png used on input 
line 1316.
(pdftex.def)             Requested size: 365.46506pt x 274.0205pt.
 [47


 <./images/haberman-performancesVSepochs-DE.png> <./images/haberman-varianceVSe
pochs-DE.png>]
<images/haberman-performancesVSepochs-DE-BEST.png, id=787, 578.16pt x 433.62pt>
File: images/haberman-performancesVSepochs-DE-BEST.png Graphic file (type png)
<use images/haberman-performancesVSepochs-DE-BEST.png>
Package pdftex.def Info: images/haberman-performancesVSepochs-DE-BEST.png used 
on input line 1329.
(pdftex.def)             Requested size: 404.70924pt x 303.53192pt.

<images/haberman-varianceVSepochs-DE-BEST.png, id=788, 578.16pt x 433.62pt>
File: images/haberman-varianceVSepochs-DE-BEST.png Graphic file (type png)

<use images/haberman-varianceVSepochs-DE-BEST.png>
Package pdftex.def Info: images/haberman-varianceVSepochs-DE-BEST.png used on i
nput line 1337.
(pdftex.def)             Requested size: 404.70924pt x 303.53192pt.
 [48

 <./images/haberman-performancesVSepochs-DE-BEST.png> <./images/haberman-varian
ceVSepochs-DE-BEST.png>]
<images/haberman-performancesVSepochs-PSO.png, id=796, 578.16pt x 433.62pt>
File: images/haberman-performancesVSepochs-PSO.png Graphic file (type png)

<use images/haberman-performancesVSepochs-PSO.png>
Package pdftex.def Info: images/haberman-performancesVSepochs-PSO.png used on i
nput line 1349.
(pdftex.def)             Requested size: 404.70924pt x 303.53192pt.

<images/haberman-meanVSepochs-PSO.png, id=797, 562.2606pt x 421.575pt>
File: images/haberman-meanVSepochs-PSO.png Graphic file (type png)

<use images/haberman-meanVSepochs-PSO.png>
Package pdftex.def Info: images/haberman-meanVSepochs-PSO.png used on input lin
e 1357.
(pdftex.def)             Requested size: 393.57974pt x 295.10048pt.
 [49

 <./images/haberman-performancesVSepochs-PSO.png> <./images/haberman-meanVSepoc
hs-PSO.png>] (./memoir.bbl
bibitemlist
[50


]) [51]
\tf@toc=\write5
\openout5 = `memoir.toc'.

Package atveryend Info: Empty hook `BeforeClearDocument' on input line 1367.
Package atveryend Info: Empty hook `AfterLastShipout' on input line 1367.
 (./memoir.aux)
Package atveryend Info: Executing hook `AtVeryEndDocument' on input line 1367.
Package atveryend Info: Executing hook `AtEndAfterFileList' on input line 1367.

Package rerunfilecheck Info: File `memoir.out' has not changed.
(rerunfilecheck)             Checksum: 38E8E986583079F331FE93F5F2EB26A3;2511.


LaTeX Warning: There were undefined references.


LaTeX Warning: There were multiply-defined labels.

Package atveryend Info: Empty hook `AtVeryVeryEnd' on input line 1367.
 ) 
Here is how much of TeX's memory you used:
 16008 strings out of 493304
 229425 string characters out of 6139872
 391510 words of memory out of 5000000
 18854 multiletter control sequences out of 15000+600000
 59664 words of font info for 142 fonts, out of 8000000 for 9000
 957 hyphenation exceptions out of 8191
 38i,16n,40p,1576b,1194s stack positions out of 5000i,500n,10000p,200000b,80000s
{/usr/share/texlive/texmf-dist/fonts/enc/dvips/base/8r.enc}</usr/share/texliv
e/texmf-dist/fonts/type1/public/txfonts/rtxb.pfb></usr/share/texlive/texmf-dist
/fonts/type1/public/txfonts/rtxi.pfb></usr/share/texlive/texmf-dist/fonts/type1
/public/txfonts/rtxmi.pfb></usr/share/texlive/texmf-dist/fonts/type1/public/txf
onts/rtxr.pfb></usr/share/texlive/texmf-dist/fonts/type1/public/txfonts/txex.pf
b></usr/share/texlive/texmf-dist/fonts/type1/public/txfonts/txsy.pfb></usr/shar
e/texlive/texmf-dist/fonts/type1/public/txfonts/txtt.pfb></usr/share/texlive/te
xmf-dist/fonts/type1/urw/times/utmb8a.pfb></usr/share/texlive/texmf-dist/fonts/
type1/urw/times/utmr8a.pfb></usr/share/texlive/texmf-dist/fonts/type1/urw/times
/utmr8a.pfb></usr/share/texlive/texmf-dist/fonts/type1/urw/times/utmri8a.pfb>
Output written on memoir.pdf (51 pages, 1463411 bytes).
PDF statistics:
 923 PDF objects out of 1000 (max. 8388607)
 803 compressed objects within 9 object streams
 317 named destinations out of 1000 (max. 500000)
 483 words of extra memory for PDF output out of 10000 (max. 10000000)

